2025-09-04 16:26:08.513 | INFO     | __main__:main:204 - #####################################

2025-09-04 16:26:08.513 | INFO     | __main__:main:206 - Byline: 
**********************************************************
Mystic Analytics — Project Header
**********************************************************
Author:                     Hailey Hanson
Motto:                      Hazy. Mysterious. Outside of Time.
Years Active:               5
Accepting New Clients?:     True
Remote Workshops?:          True
Services:                   ['Data Analysis', 'Machine Learning', 'Business Intelligence']
Client Satisfaction Scores: [4.8, 4.6, 4.9, 5.0, 4.7]
Minimum Satisfaction Score: 4.6
Maximum Satisfaction Score: 5.0
Mean Satisfaction Score:    4.80
     Standard Deviation:    0.16
Is Hiring:                  False
Number of Employees:        25
Location:                   Venus, Oregon
Office Locations:           ['Samadhi', 'Nirvana', 'Enlightenment']
Number of Locations:        3
**********************************************************

2025-09-04 16:26:08.513 | INFO     | __main__:create_folders_for_range:76 - FUNCTION: create_folders_for_range()
2025-09-04 16:26:08.514 | INFO     | __main__:create_folders_for_range:77 - PARAMETERS: start_year = 2020, end_year = 2023
2025-09-04 16:26:08.514 | INFO     | __main__:create_folders_for_range:82 - Created folder: /Users/haileyhanson/Repos/datafun-02-automation/2020
2025-09-04 16:26:08.514 | INFO     | __main__:create_folders_for_range:82 - Created folder: /Users/haileyhanson/Repos/datafun-02-automation/2021
2025-09-04 16:26:08.514 | INFO     | __main__:create_folders_for_range:82 - Created folder: /Users/haileyhanson/Repos/datafun-02-automation/2022
2025-09-04 16:26:08.514 | INFO     | __main__:create_folders_for_range:82 - Created folder: /Users/haileyhanson/Repos/datafun-02-automation/2023
2025-09-04 16:26:08.514 | INFO     | __main__:create_folders_from_list:100 - FUNCTION: create_folders_from_list()
2025-09-04 16:26:08.514 | INFO     | __main__:create_folders_from_list:101 - PARAMETER: folder_list = ['data-csv', 'data-excel', 'data-json']
